<?xml version="1.0" encoding="UTF-8"?>
<!-- Generated by org.testng.reporters.JUnitReportReporter -->
<testsuite skipped="0" hostname="DESKTOP-987SG1D" name="testNG_parameters" tests="2" failures="0" timestamp="2019-09-06T15:24:50 IST" time="0.020" errors="0">
  <testcase name="testformfill" time="0.010" classname="testNG_parameters"/>
  <testcase name="testformfill" time="0.010" classname="testNG_parameters"/>
</testsuite> <!-- testNG_parameters -->
