<?xml version="1.0" encoding="UTF-8"?>
<!-- Generated by org.testng.reporters.JUnitReportReporter -->
<testsuite skipped="0" hostname="DESKTOP-987SG1D" name="groups.testNG_parameters" tests="2" failures="0" timestamp="2019-09-06T17:44:48 IST" time="0.005" errors="0">
  <testcase name="testformfill" time="0.002" classname="groups.testNG_parameters"/>
  <testcase name="testformfill" time="0.003" classname="groups.testNG_parameters"/>
</testsuite> <!-- groups.testNG_parameters -->
