<?xml version="1.0" encoding="UTF-8"?>
<!-- Generated by org.testng.reporters.JUnitReportReporter -->
<testsuite skipped="0" hostname="DESKTOP-987SG1D" name="Dataproviderse2" tests="2" failures="0" timestamp="2019-09-06T13:43:59 IST" time="0.015" errors="0">
  <testcase name="testdata" time="0.000" classname="Dataproviderse2"/>
  <testcase name="testdata" time="0.015" classname="Dataproviderse2"/>
</testsuite> <!-- Dataproviderse2 -->
