<?xml version="1.0" encoding="UTF-8"?>
<!-- Generated by org.testng.reporters.JUnitReportReporter -->
<testsuite skipped="0" hostname="DESKTOP-987SG1D" name="loginDataprovider" tests="2" failures="0" timestamp="2019-09-06T13:49:53 IST" time="0.033" errors="0">
  <testcase name="testdata" time="0.009" classname="loginDataprovider"/>
  <testcase name="testdata" time="0.024" classname="loginDataprovider"/>
</testsuite> <!-- loginDataprovider -->
