<?xml version="1.0" encoding="UTF-8"?>
<!-- Generated by org.testng.reporters.JUnitReportReporter -->
<testsuite skipped="0" hostname="DESKTOP-987SG1D" name="groups.Testgroup2" tests="1" failures="0" timestamp="2019-10-12T13:38:07 IST" time="0.006" errors="0">
  <testcase name="validflightresults" time="0.006" classname="groups.Testgroup2"/>
</testsuite> <!-- groups.Testgroup2 -->
