<?xml version="1.0" encoding="UTF-8"?>
<!-- Generated by org.testng.reporters.JUnitReportReporter -->
<testsuite skipped="0" hostname="DESKTOP-987SG1D" name="crossBrowser.Cross" tests="1" failures="0" timestamp="2019-09-21T14:04:53 IST" time="90.906" errors="0">
  <testcase name="run" time="90.906" classname="crossBrowser.Cross"/>
</testsuite> <!-- crossBrowser.Cross -->
