<?xml version="1.0" encoding="UTF-8"?>
<!-- Generated by org.testng.reporters.JUnitReportReporter -->
<testsuite skipped="0" hostname="DESKTOP-987SG1D" name="groups.test2" tests="1" failures="0" timestamp="2019-09-06T17:44:48 IST" time="0.002" errors="0">
  <testcase name="testcapturescreen" time="0.002" classname="groups.test2"/>
</testsuite> <!-- groups.test2 -->
