<?xml version="1.0" encoding="UTF-8"?>
<!-- Generated by org.testng.reporters.JUnitReportReporter -->
<testsuite skipped="1" hostname="DESKTOP-987SG1D" name="groups.test" tests="2" failures="0" timestamp="2019-10-10T17:00:49 IST" time="0.047" errors="0">
  <testcase name="testlogin" time="0.031" classname="groups.test"/>
  <testcase name="testformfill" time="0.016" classname="groups.test">
    <skipped/>
  </testcase> <!-- testformfill -->
</testsuite> <!-- groups.test -->
