<?xml version="1.0" encoding="UTF-8"?>
<!-- Generated by org.testng.reporters.JUnitReportReporter -->
<testsuite skipped="1" hostname="DESKTOP-987SG1D" name="test" tests="2" failures="0" timestamp="2019-09-06T15:24:50 IST" time="0.005" errors="0">
  <testcase name="testlogin" time="0.004" classname="test"/>
  <testcase name="testformfill" time="0.001" classname="test">
    <skipped/>
  </testcase> <!-- testformfill -->
</testsuite> <!-- test -->
