<?xml version="1.0" encoding="UTF-8"?>
<!-- Generated by org.testng.reporters.JUnitReportReporter -->
<testsuite skipped="0" hostname="DESKTOP-987SG1D" name="groups.NewLoginTest" tests="4" failures="0" timestamp="2019-09-07T13:29:21 IST" time="0.018" errors="0">
  <testcase name="testLogin" time="0.016" classname="groups.NewLoginTest"/>
  <testcase name="testLogin" time="0.000" classname="groups.NewLoginTest"/>
  <testcase name="testUserReg" time="0.002" classname="groups.NewLoginTest"/>
  <testcase name="testUserReg" time="0.000" classname="groups.NewLoginTest"/>
</testsuite> <!-- groups.NewLoginTest -->
