<?xml version="1.0" encoding="UTF-8"?>
<!-- Generated by org.testng.reporters.JUnitReportReporter -->
<testsuite skipped="0" hostname="DESKTOP-987SG1D" name="test2" tests="1" failures="0" timestamp="2019-09-06T15:24:50 IST" time="0.006" errors="0">
  <testcase name="testcapturescreen" time="0.006" classname="test2"/>
</testsuite> <!-- test2 -->
