<?xml version="1.0" encoding="UTF-8"?>
<!-- Generated by org.testng.reporters.JUnitReportReporter -->
<testsuite skipped="0" hostname="DESKTOP-987SG1D" name="groups.Testgroup1" tests="1" failures="0" timestamp="2019-10-12T13:38:07 IST" time="0.019" errors="0">
  <testcase name="fillform" time="0.019" classname="groups.Testgroup1"/>
</testsuite> <!-- groups.Testgroup1 -->
