<?xml version="1.0" encoding="UTF-8"?>
<!-- Generated by org.testng.reporters.JUnitReportReporter -->
<testsuite skipped="0" hostname="DESKTOP-987SG1D" name="NewLoginTest" tests="4" failures="0" timestamp="2019-09-06T13:52:25 IST" time="0.020" errors="0">
  <testcase name="testLogin" time="0.005" classname="NewLoginTest"/>
  <testcase name="testLogin" time="0.015" classname="NewLoginTest"/>
  <testcase name="testUserReg" time="0.000" classname="NewLoginTest"/>
  <testcase name="testUserReg" time="0.000" classname="NewLoginTest"/>
</testsuite> <!-- NewLoginTest -->
